<?xml version="1.0" encoding="UTF-8"?>
<!-- Generated by org.testng.reporters.JUnitXMLReporter -->
<testsuite ignored="0" hostname="Raj" failures="0" tests="6" name="Default test" time="18.251" errors="0" timestamp="2026-05-13T17:30:24 IST">
  <testcase classname="com.saucedemo.tests.LoginTest" name="testLogin" time="0.257"/>
  <testcase classname="com.saucedemo.tests.LoginTest" name="testLogin" time="0.249"/>
  <testcase classname="com.saucedemo.tests.LoginTest" name="testLogin" time="0.292"/>
  <testcase classname="com.saucedemo.tests.LoginTest" name="testLogin" time="5.306"/>
  <testcase classname="com.saucedemo.tests.LoginTest" name="testLogin" time="0.275"/>
  <testcase classname="com.saucedemo.tests.LoginTest" name="testLogin" time="0.275"/>
</testsuite> <!-- Default test -->
