<?xml version="1.0" encoding="UTF-8"?>
<!-- Generated by org.testng.reporters.JUnitXMLReporter -->
<testsuite ignored="0" hostname="Raj" failures="0" tests="6" name="ChromeTest" time="34.658" errors="0" timestamp="2026-05-14T12:37:33 IST">
  <testcase classname="com.saucedemo.tests.LoginTest" name="testLogin" time="1.034"/>
  <testcase classname="com.saucedemo.tests.LoginTest" name="testLogin" time="0.843"/>
  <testcase classname="com.saucedemo.tests.LoginTest" name="testLogin" time="1.341"/>
  <testcase classname="com.saucedemo.tests.LoginTest" name="testLogin" time="5.906"/>
  <testcase classname="com.saucedemo.tests.LoginTest" name="testLogin" time="0.986"/>
  <testcase classname="com.saucedemo.tests.LoginTest" name="testLogin" time="0.869"/>
</testsuite> <!-- ChromeTest -->
