<?xml version="1.0" encoding="UTF-8"?>
<!-- Generated by org.testng.reporters.JUnitXMLReporter -->
<testsuite ignored="0" hostname="Raj" failures="0" tests="6" name="ChromeTest" time="19.548" errors="0" timestamp="2026-05-14T15:49:55 GMT+05:30">
  <testcase classname="com.saucedemo.tests.LoginTest" name="testLogin" time="0.553"/>
  <testcase classname="com.saucedemo.tests.LoginTest" name="testLogin" time="0.541"/>
  <testcase classname="com.saucedemo.tests.LoginTest" name="testLogin" time="0.561"/>
  <testcase classname="com.saucedemo.tests.LoginTest" name="testLogin" time="5.414"/>
  <testcase classname="com.saucedemo.tests.LoginTest" name="testLogin" time="0.515"/>
  <testcase classname="com.saucedemo.tests.LoginTest" name="testLogin" time="0.548"/>
</testsuite> <!-- ChromeTest -->
