<?xml version="1.0" encoding="UTF-8"?>
<!-- Generated by org.testng.reporters.JUnitXMLReporter -->
<testsuite ignored="0" hostname="Raj" failures="0" tests="6" name="EdgeTest" time="35.005" errors="0" timestamp="2026-05-14T12:37:33 IST">
  <testcase classname="com.saucedemo.tests.LoginTest" name="testLogin" time="0.97"/>
  <testcase classname="com.saucedemo.tests.LoginTest" name="testLogin" time="0.903"/>
  <testcase classname="com.saucedemo.tests.LoginTest" name="testLogin" time="1.142"/>
  <testcase classname="com.saucedemo.tests.LoginTest" name="testLogin" time="5.996"/>
  <testcase classname="com.saucedemo.tests.LoginTest" name="testLogin" time="1.021"/>
  <testcase classname="com.saucedemo.tests.LoginTest" name="testLogin" time="0.938"/>
</testsuite> <!-- EdgeTest -->
