<?xml version="1.0" encoding="UTF-8"?>
<!-- Generated by org.testng.reporters.JUnitXMLReporter -->
<testsuite ignored="0" hostname="Raj" failures="1" tests="6" name="EdgeTest" time="31.451" errors="0" timestamp="2026-05-14T11:33:12 IST">
  <testcase classname="com.saucedemo.tests.LoginTest" name="testLogin" time="0.936">
    <failure type="java.lang.AssertionError" message="Intentional Failure To Test Screenshot Capture">
      <![CDATA[java.lang.AssertionError: Intentional Failure To Test Screenshot Capture
at com.saucedemo.tests.LoginTest.testLogin(LoginTest.java:41)
at java.base/java.util.ArrayList.forEach(ArrayList.java:1511)
at java.base/java.util.concurrent.FutureTask.run(FutureTask.java:264)
at java.base/java.util.concurrent.ThreadPoolExecutor.runWorker(ThreadPoolExecutor.java:1136)
at java.base/java.util.concurrent.ThreadPoolExecutor$Worker.run(ThreadPoolExecutor.java:635)
at java.base/java.lang.Thread.run(Thread.java:842)
... Removed 18 stack frames]]>
    </failure>
  </testcase> <!-- testLogin -->
  <testcase classname="com.saucedemo.tests.LoginTest" name="testLogin" time="1.194"/>
  <testcase classname="com.saucedemo.tests.LoginTest" name="testLogin" time="0.721"/>
  <testcase classname="com.saucedemo.tests.LoginTest" name="testLogin" time="6.518"/>
  <testcase classname="com.saucedemo.tests.LoginTest" name="testLogin" time="1.049"/>
  <testcase classname="com.saucedemo.tests.LoginTest" name="testLogin" time="0.971"/>
</testsuite> <!-- EdgeTest -->
