<?xml version="1.0" encoding="UTF-8"?>
<!-- Generated by org.testng.reporters.JUnitXMLReporter -->
<testsuite ignored="0" hostname="Raj" failures="0" tests="6" name="FirefoxTest" time="19.267" errors="0" timestamp="2026-05-14T15:49:55 GMT+05:30">
  <testcase classname="com.saucedemo.tests.LoginTest" name="testLogin" time="0.55"/>
  <testcase classname="com.saucedemo.tests.LoginTest" name="testLogin" time="0.53"/>
  <testcase classname="com.saucedemo.tests.LoginTest" name="testLogin" time="0.805"/>
  <testcase classname="com.saucedemo.tests.LoginTest" name="testLogin" time="5.528"/>
  <testcase classname="com.saucedemo.tests.LoginTest" name="testLogin" time="0.54"/>
  <testcase classname="com.saucedemo.tests.LoginTest" name="testLogin" time="0.571"/>
</testsuite> <!-- FirefoxTest -->
