<?xml version="1.0" encoding="UTF-8"?>
<testng-results ignored="0" total="18" passed="15" failed="3" skipped="0">
  <reporter-output>
  </reporter-output>
  <suite started-at="2026-05-14T11:32:39 IST" name="Cross Browser Parallel Suite" finished-at="2026-05-14T11:33:11 IST" duration-ms="32115">
    <groups>
    </groups>
    <test started-at="2026-05-14T11:32:39 IST" name="ChromeTest" finished-at="2026-05-14T11:33:11 IST" duration-ms="31787">
      <class name="com.saucedemo.tests.LoginTest">
        <test-method is-config="true" signature="setUp()[pri:0, instance:com.saucedemo.tests.LoginTest@7b02e036]" started-at="2026-05-14T11:32:40 IST" name="setUp" finished-at="2026-05-14T11:32:45 IST" duration-ms="4605" status="PASS">
          <reporter-output>
          </reporter-output>
        </test-method> <!-- setUp -->
        <test-method signature="testLogin(java.lang.String,java.lang.String)[pri:0, instance:com.saucedemo.tests.LoginTest@7b02e036]" started-at="2026-05-14T11:32:45 IST" name="testLogin" data-provider="loginData" finished-at="2026-05-14T11:32:46 IST" duration-ms="821" status="FAIL">
          <params>
            <param index="0">
              <value>
                <![CDATA[standard_user]]>
              </value>
            </param>
            <param index="1">
              <value>
                <![CDATA[secret_sauce]]>
              </value>
            </param>
          </params>
          <exception class="java.lang.AssertionError">
            <message>
              <![CDATA[Intentional Failure To Test Screenshot Capture]]>
            </message>
            <full-stacktrace>
              <![CDATA[java.lang.AssertionError: Intentional Failure To Test Screenshot Capture
at org.testng.Assert.fail(Assert.java:111)
at com.saucedemo.tests.LoginTest.testLogin(LoginTest.java:41)
at java.base/jdk.internal.reflect.NativeMethodAccessorImpl.invoke0(Native Method)
at java.base/jdk.internal.reflect.NativeMethodAccessorImpl.invoke(NativeMethodAccessorImpl.java:77)
at java.base/jdk.internal.reflect.DelegatingMethodAccessorImpl.invoke(DelegatingMethodAccessorImpl.java:43)
at java.base/java.lang.reflect.Method.invoke(Method.java:568)
at org.testng.internal.invokers.MethodInvocationHelper.invokeMethod(MethodInvocationHelper.java:141)
at org.testng.internal.invokers.TestInvoker.invokeMethod(TestInvoker.java:687)
at org.testng.internal.invokers.TestInvoker.invokeTestMethod(TestInvoker.java:230)
at org.testng.internal.invokers.MethodRunner.runInSequence(MethodRunner.java:63)
at org.testng.internal.invokers.TestInvoker$MethodInvocationAgent.invoke(TestInvoker.java:995)
at org.testng.internal.invokers.TestInvoker.invokeTestMethods(TestInvoker.java:203)
at org.testng.internal.invokers.TestMethodWorker.invokeTestMethods(TestMethodWorker.java:154)
at org.testng.internal.invokers.TestMethodWorker.run(TestMethodWorker.java:134)
at java.base/java.util.ArrayList.forEach(ArrayList.java:1511)
at org.testng.TestRunner.privateRun(TestRunner.java:741)
at org.testng.TestRunner.run(TestRunner.java:616)
at org.testng.SuiteRunner.runTest(SuiteRunner.java:421)
at org.testng.SuiteRunner$SuiteWorker.run(SuiteRunner.java:463)
at org.testng.internal.thread.ThreadUtil.lambda$execute$0(ThreadUtil.java:64)
at java.base/java.util.concurrent.FutureTask.run(FutureTask.java:264)
at java.base/java.util.concurrent.ThreadPoolExecutor.runWorker(ThreadPoolExecutor.java:1136)
at java.base/java.util.concurrent.ThreadPoolExecutor$Worker.run(ThreadPoolExecutor.java:635)
at java.base/java.lang.Thread.run(Thread.java:842)
]]>
            </full-stacktrace>
          </exception> <!-- java.lang.AssertionError -->
          <reporter-output>
          </reporter-output>
        </test-method> <!-- testLogin -->
        <test-method is-config="true" signature="tearDown()[pri:0, instance:com.saucedemo.tests.LoginTest@7b02e036]" started-at="2026-05-14T11:32:46 IST" name="tearDown" finished-at="2026-05-14T11:32:47 IST" duration-ms="438" status="PASS">
          <reporter-output>
          </reporter-output>
        </test-method> <!-- tearDown -->
        <test-method is-config="true" signature="setUp()[pri:0, instance:com.saucedemo.tests.LoginTest@7b02e036]" started-at="2026-05-14T11:32:47 IST" name="setUp" finished-at="2026-05-14T11:32:48 IST" duration-ms="1682" status="PASS">
          <reporter-output>
          </reporter-output>
        </test-method> <!-- setUp -->
        <test-method signature="testLogin(java.lang.String,java.lang.String)[pri:0, instance:com.saucedemo.tests.LoginTest@7b02e036]" started-at="2026-05-14T11:32:48 IST" name="testLogin" data-provider="loginData" finished-at="2026-05-14T11:32:50 IST" duration-ms="1192" status="PASS">
          <params>
            <param index="0">
              <value>
                <![CDATA[locked_out_user]]>
              </value>
            </param>
            <param index="1">
              <value>
                <![CDATA[secret_sauce]]>
              </value>
            </param>
          </params>
          <reporter-output>
          </reporter-output>
        </test-method> <!-- testLogin -->
        <test-method is-config="true" signature="tearDown()[pri:0, instance:com.saucedemo.tests.LoginTest@7b02e036]" started-at="2026-05-14T11:32:50 IST" name="tearDown" finished-at="2026-05-14T11:32:50 IST" duration-ms="413" status="PASS">
          <reporter-output>
          </reporter-output>
        </test-method> <!-- tearDown -->
        <test-method is-config="true" signature="setUp()[pri:0, instance:com.saucedemo.tests.LoginTest@7b02e036]" started-at="2026-05-14T11:32:50 IST" name="setUp" finished-at="2026-05-14T11:32:52 IST" duration-ms="2043" status="PASS">
          <reporter-output>
          </reporter-output>
        </test-method> <!-- setUp -->
        <test-method signature="testLogin(java.lang.String,java.lang.String)[pri:0, instance:com.saucedemo.tests.LoginTest@7b02e036]" started-at="2026-05-14T11:32:52 IST" name="testLogin" data-provider="loginData" finished-at="2026-05-14T11:32:53 IST" duration-ms="719" status="PASS">
          <params>
            <param index="0">
              <value>
                <![CDATA[problem_user]]>
              </value>
            </param>
            <param index="1">
              <value>
                <![CDATA[secret_sauce]]>
              </value>
            </param>
          </params>
          <reporter-output>
          </reporter-output>
        </test-method> <!-- testLogin -->
        <test-method is-config="true" signature="tearDown()[pri:0, instance:com.saucedemo.tests.LoginTest@7b02e036]" started-at="2026-05-14T11:32:53 IST" name="tearDown" finished-at="2026-05-14T11:32:53 IST" duration-ms="359" status="PASS">
          <reporter-output>
          </reporter-output>
        </test-method> <!-- tearDown -->
        <test-method is-config="true" signature="setUp()[pri:0, instance:com.saucedemo.tests.LoginTest@7b02e036]" started-at="2026-05-14T11:32:53 IST" name="setUp" finished-at="2026-05-14T11:32:55 IST" duration-ms="2030" status="PASS">
          <reporter-output>
          </reporter-output>
        </test-method> <!-- setUp -->
        <test-method signature="testLogin(java.lang.String,java.lang.String)[pri:0, instance:com.saucedemo.tests.LoginTest@7b02e036]" started-at="2026-05-14T11:32:55 IST" name="testLogin" data-provider="loginData" finished-at="2026-05-14T11:33:02 IST" duration-ms="6857" status="PASS">
          <params>
            <param index="0">
              <value>
                <![CDATA[performance_glitch_user]]>
              </value>
            </param>
            <param index="1">
              <value>
                <![CDATA[secret_sauce]]>
              </value>
            </param>
          </params>
          <reporter-output>
          </reporter-output>
        </test-method> <!-- testLogin -->
        <test-method is-config="true" signature="tearDown()[pri:0, instance:com.saucedemo.tests.LoginTest@7b02e036]" started-at="2026-05-14T11:33:02 IST" name="tearDown" finished-at="2026-05-14T11:33:02 IST" duration-ms="390" status="PASS">
          <reporter-output>
          </reporter-output>
        </test-method> <!-- tearDown -->
        <test-method is-config="true" signature="setUp()[pri:0, instance:com.saucedemo.tests.LoginTest@7b02e036]" started-at="2026-05-14T11:33:02 IST" name="setUp" finished-at="2026-05-14T11:33:06 IST" duration-ms="3068" status="PASS">
          <reporter-output>
          </reporter-output>
        </test-method> <!-- setUp -->
        <test-method signature="testLogin(java.lang.String,java.lang.String)[pri:0, instance:com.saucedemo.tests.LoginTest@7b02e036]" started-at="2026-05-14T11:33:06 IST" name="testLogin" data-provider="loginData" finished-at="2026-05-14T11:33:06 IST" duration-ms="931" status="PASS">
          <params>
            <param index="0">
              <value>
                <![CDATA[error_user]]>
              </value>
            </param>
            <param index="1">
              <value>
                <![CDATA[secret_sauce]]>
              </value>
            </param>
          </params>
          <reporter-output>
          </reporter-output>
        </test-method> <!-- testLogin -->
        <test-method is-config="true" signature="tearDown()[pri:0, instance:com.saucedemo.tests.LoginTest@7b02e036]" started-at="2026-05-14T11:33:06 IST" name="tearDown" finished-at="2026-05-14T11:33:07 IST" duration-ms="435" status="PASS">
          <reporter-output>
          </reporter-output>
        </test-method> <!-- tearDown -->
        <test-method is-config="true" signature="setUp()[pri:0, instance:com.saucedemo.tests.LoginTest@7b02e036]" started-at="2026-05-14T11:33:07 IST" name="setUp" finished-at="2026-05-14T11:33:10 IST" duration-ms="2744" status="PASS">
          <reporter-output>
          </reporter-output>
        </test-method> <!-- setUp -->
        <test-method signature="testLogin(java.lang.String,java.lang.String)[pri:0, instance:com.saucedemo.tests.LoginTest@7b02e036]" started-at="2026-05-14T11:33:10 IST" name="testLogin" data-provider="loginData" finished-at="2026-05-14T11:33:11 IST" duration-ms="926" status="PASS">
          <params>
            <param index="0">
              <value>
                <![CDATA[visual_user]]>
              </value>
            </param>
            <param index="1">
              <value>
                <![CDATA[secret_sauce]]>
              </value>
            </param>
          </params>
          <reporter-output>
          </reporter-output>
        </test-method> <!-- testLogin -->
        <test-method is-config="true" signature="tearDown()[pri:0, instance:com.saucedemo.tests.LoginTest@7b02e036]" started-at="2026-05-14T11:33:11 IST" name="tearDown" finished-at="2026-05-14T11:33:11 IST" duration-ms="564" status="PASS">
          <reporter-output>
          </reporter-output>
        </test-method> <!-- tearDown -->
      </class> <!-- com.saucedemo.tests.LoginTest -->
    </test> <!-- ChromeTest -->
    <test started-at="2026-05-14T11:32:39 IST" name="FirefoxTest" finished-at="2026-05-14T11:33:11 IST" duration-ms="32115">
      <class name="com.saucedemo.tests.LoginTest">
        <test-method is-config="true" signature="setUp()[pri:0, instance:com.saucedemo.tests.LoginTest@1e8823d2]" started-at="2026-05-14T11:32:40 IST" name="setUp" finished-at="2026-05-14T11:32:44 IST" duration-ms="3944" status="PASS">
          <reporter-output>
          </reporter-output>
        </test-method> <!-- setUp -->
        <test-method signature="testLogin(java.lang.String,java.lang.String)[pri:0, instance:com.saucedemo.tests.LoginTest@1e8823d2]" started-at="2026-05-14T11:32:45 IST" name="testLogin" data-provider="loginData" finished-at="2026-05-14T11:32:46 IST" duration-ms="936" status="FAIL">
          <params>
            <param index="0">
              <value>
                <![CDATA[standard_user]]>
              </value>
            </param>
            <param index="1">
              <value>
                <![CDATA[secret_sauce]]>
              </value>
            </param>
          </params>
          <exception class="java.lang.AssertionError">
            <message>
              <![CDATA[Intentional Failure To Test Screenshot Capture]]>
            </message>
            <full-stacktrace>
              <![CDATA[java.lang.AssertionError: Intentional Failure To Test Screenshot Capture
at org.testng.Assert.fail(Assert.java:111)
at com.saucedemo.tests.LoginTest.testLogin(LoginTest.java:41)
at java.base/jdk.internal.reflect.NativeMethodAccessorImpl.invoke0(Native Method)
at java.base/jdk.internal.reflect.NativeMethodAccessorImpl.invoke(NativeMethodAccessorImpl.java:77)
at java.base/jdk.internal.reflect.DelegatingMethodAccessorImpl.invoke(DelegatingMethodAccessorImpl.java:43)
at java.base/java.lang.reflect.Method.invoke(Method.java:568)
at org.testng.internal.invokers.MethodInvocationHelper.invokeMethod(MethodInvocationHelper.java:141)
at org.testng.internal.invokers.TestInvoker.invokeMethod(TestInvoker.java:687)
at org.testng.internal.invokers.TestInvoker.invokeTestMethod(TestInvoker.java:230)
at org.testng.internal.invokers.MethodRunner.runInSequence(MethodRunner.java:63)
at org.testng.internal.invokers.TestInvoker$MethodInvocationAgent.invoke(TestInvoker.java:995)
at org.testng.internal.invokers.TestInvoker.invokeTestMethods(TestInvoker.java:203)
at org.testng.internal.invokers.TestMethodWorker.invokeTestMethods(TestMethodWorker.java:154)
at org.testng.internal.invokers.TestMethodWorker.run(TestMethodWorker.java:134)
at java.base/java.util.ArrayList.forEach(ArrayList.java:1511)
at org.testng.TestRunner.privateRun(TestRunner.java:741)
at org.testng.TestRunner.run(TestRunner.java:616)
at org.testng.SuiteRunner.runTest(SuiteRunner.java:421)
at org.testng.SuiteRunner$SuiteWorker.run(SuiteRunner.java:463)
at org.testng.internal.thread.ThreadUtil.lambda$execute$0(ThreadUtil.java:64)
at java.base/java.util.concurrent.FutureTask.run(FutureTask.java:264)
at java.base/java.util.concurrent.ThreadPoolExecutor.runWorker(ThreadPoolExecutor.java:1136)
at java.base/java.util.concurrent.ThreadPoolExecutor$Worker.run(ThreadPoolExecutor.java:635)
at java.base/java.lang.Thread.run(Thread.java:842)
]]>
            </full-stacktrace>
          </exception> <!-- java.lang.AssertionError -->
          <reporter-output>
          </reporter-output>
        </test-method> <!-- testLogin -->
        <test-method is-config="true" signature="tearDown()[pri:0, instance:com.saucedemo.tests.LoginTest@1e8823d2]" started-at="2026-05-14T11:32:46 IST" name="tearDown" finished-at="2026-05-14T11:32:46 IST" duration-ms="652" status="PASS">
          <reporter-output>
          </reporter-output>
        </test-method> <!-- tearDown -->
        <test-method is-config="true" signature="setUp()[pri:0, instance:com.saucedemo.tests.LoginTest@1e8823d2]" started-at="2026-05-14T11:32:46 IST" name="setUp" finished-at="2026-05-14T11:32:48 IST" duration-ms="1906" status="PASS">
          <reporter-output>
          </reporter-output>
        </test-method> <!-- setUp -->
        <test-method signature="testLogin(java.lang.String,java.lang.String)[pri:0, instance:com.saucedemo.tests.LoginTest@1e8823d2]" started-at="2026-05-14T11:32:48 IST" name="testLogin" data-provider="loginData" finished-at="2026-05-14T11:32:50 IST" duration-ms="1210" status="PASS">
          <params>
            <param index="0">
              <value>
                <![CDATA[locked_out_user]]>
              </value>
            </param>
            <param index="1">
              <value>
                <![CDATA[secret_sauce]]>
              </value>
            </param>
          </params>
          <reporter-output>
          </reporter-output>
        </test-method> <!-- testLogin -->
        <test-method is-config="true" signature="tearDown()[pri:0, instance:com.saucedemo.tests.LoginTest@1e8823d2]" started-at="2026-05-14T11:32:50 IST" name="tearDown" finished-at="2026-05-14T11:32:50 IST" duration-ms="384" status="PASS">
          <reporter-output>
          </reporter-output>
        </test-method> <!-- tearDown -->
        <test-method is-config="true" signature="setUp()[pri:0, instance:com.saucedemo.tests.LoginTest@1e8823d2]" started-at="2026-05-14T11:32:50 IST" name="setUp" finished-at="2026-05-14T11:32:52 IST" duration-ms="1818" status="PASS">
          <reporter-output>
          </reporter-output>
        </test-method> <!-- setUp -->
        <test-method signature="testLogin(java.lang.String,java.lang.String)[pri:0, instance:com.saucedemo.tests.LoginTest@1e8823d2]" started-at="2026-05-14T11:32:52 IST" name="testLogin" data-provider="loginData" finished-at="2026-05-14T11:32:53 IST" duration-ms="706" status="PASS">
          <params>
            <param index="0">
              <value>
                <![CDATA[problem_user]]>
              </value>
            </param>
            <param index="1">
              <value>
                <![CDATA[secret_sauce]]>
              </value>
            </param>
          </params>
          <reporter-output>
          </reporter-output>
        </test-method> <!-- testLogin -->
        <test-method is-config="true" signature="tearDown()[pri:0, instance:com.saucedemo.tests.LoginTest@1e8823d2]" started-at="2026-05-14T11:32:53 IST" name="tearDown" finished-at="2026-05-14T11:32:53 IST" duration-ms="440" status="PASS">
          <reporter-output>
          </reporter-output>
        </test-method> <!-- tearDown -->
        <test-method is-config="true" signature="setUp()[pri:0, instance:com.saucedemo.tests.LoginTest@1e8823d2]" started-at="2026-05-14T11:32:53 IST" name="setUp" finished-at="2026-05-14T11:32:55 IST" duration-ms="2044" status="PASS">
          <reporter-output>
          </reporter-output>
        </test-method> <!-- setUp -->
        <test-method signature="testLogin(java.lang.String,java.lang.String)[pri:0, instance:com.saucedemo.tests.LoginTest@1e8823d2]" started-at="2026-05-14T11:32:55 IST" name="testLogin" data-provider="loginData" finished-at="2026-05-14T11:33:02 IST" duration-ms="6505" status="PASS">
          <params>
            <param index="0">
              <value>
                <![CDATA[performance_glitch_user]]>
              </value>
            </param>
            <param index="1">
              <value>
                <![CDATA[secret_sauce]]>
              </value>
            </param>
          </params>
          <reporter-output>
          </reporter-output>
        </test-method> <!-- testLogin -->
        <test-method is-config="true" signature="tearDown()[pri:0, instance:com.saucedemo.tests.LoginTest@1e8823d2]" started-at="2026-05-14T11:33:02 IST" name="tearDown" finished-at="2026-05-14T11:33:02 IST" duration-ms="552" status="PASS">
          <reporter-output>
          </reporter-output>
        </test-method> <!-- tearDown -->
        <test-method is-config="true" signature="setUp()[pri:0, instance:com.saucedemo.tests.LoginTest@1e8823d2]" started-at="2026-05-14T11:33:02 IST" name="setUp" finished-at="2026-05-14T11:33:05 IST" duration-ms="3034" status="PASS">
          <reporter-output>
          </reporter-output>
        </test-method> <!-- setUp -->
        <test-method signature="testLogin(java.lang.String,java.lang.String)[pri:0, instance:com.saucedemo.tests.LoginTest@1e8823d2]" started-at="2026-05-14T11:33:05 IST" name="testLogin" data-provider="loginData" finished-at="2026-05-14T11:33:06 IST" duration-ms="1052" status="PASS">
          <params>
            <param index="0">
              <value>
                <![CDATA[error_user]]>
              </value>
            </param>
            <param index="1">
              <value>
                <![CDATA[secret_sauce]]>
              </value>
            </param>
          </params>
          <reporter-output>
          </reporter-output>
        </test-method> <!-- testLogin -->
        <test-method is-config="true" signature="tearDown()[pri:0, instance:com.saucedemo.tests.LoginTest@1e8823d2]" started-at="2026-05-14T11:33:06 IST" name="tearDown" finished-at="2026-05-14T11:33:07 IST" duration-ms="677" status="PASS">
          <reporter-output>
          </reporter-output>
        </test-method> <!-- tearDown -->
        <test-method is-config="true" signature="setUp()[pri:0, instance:com.saucedemo.tests.LoginTest@1e8823d2]" started-at="2026-05-14T11:33:07 IST" name="setUp" finished-at="2026-05-14T11:33:10 IST" duration-ms="2853" status="PASS">
          <reporter-output>
          </reporter-output>
        </test-method> <!-- setUp -->
        <test-method signature="testLogin(java.lang.String,java.lang.String)[pri:0, instance:com.saucedemo.tests.LoginTest@1e8823d2]" started-at="2026-05-14T11:33:10 IST" name="testLogin" data-provider="loginData" finished-at="2026-05-14T11:33:11 IST" duration-ms="1104" status="PASS">
          <params>
            <param index="0">
              <value>
                <![CDATA[visual_user]]>
              </value>
            </param>
            <param index="1">
              <value>
                <![CDATA[secret_sauce]]>
              </value>
            </param>
          </params>
          <reporter-output>
          </reporter-output>
        </test-method> <!-- testLogin -->
        <test-method is-config="true" signature="tearDown()[pri:0, instance:com.saucedemo.tests.LoginTest@1e8823d2]" started-at="2026-05-14T11:33:11 IST" name="tearDown" finished-at="2026-05-14T11:33:11 IST" duration-ms="529" status="PASS">
          <reporter-output>
          </reporter-output>
        </test-method> <!-- tearDown -->
      </class> <!-- com.saucedemo.tests.LoginTest -->
    </test> <!-- FirefoxTest -->
    <test started-at="2026-05-14T11:32:39 IST" name="EdgeTest" finished-at="2026-05-14T11:33:11 IST" duration-ms="31451">
      <class name="com.saucedemo.tests.LoginTest">
        <test-method is-config="true" signature="setUp()[pri:0, instance:com.saucedemo.tests.LoginTest@76b0ae1b]" started-at="2026-05-14T11:32:40 IST" name="setUp" finished-at="2026-05-14T11:32:44 IST" duration-ms="4006" status="PASS">
          <reporter-output>
          </reporter-output>
        </test-method> <!-- setUp -->
        <test-method signature="testLogin(java.lang.String,java.lang.String)[pri:0, instance:com.saucedemo.tests.LoginTest@76b0ae1b]" started-at="2026-05-14T11:32:45 IST" name="testLogin" data-provider="loginData" finished-at="2026-05-14T11:32:46 IST" duration-ms="936" status="FAIL">
          <params>
            <param index="0">
              <value>
                <![CDATA[standard_user]]>
              </value>
            </param>
            <param index="1">
              <value>
                <![CDATA[secret_sauce]]>
              </value>
            </param>
          </params>
          <exception class="java.lang.AssertionError">
            <message>
              <![CDATA[Intentional Failure To Test Screenshot Capture]]>
            </message>
            <full-stacktrace>
              <![CDATA[java.lang.AssertionError: Intentional Failure To Test Screenshot Capture
at org.testng.Assert.fail(Assert.java:111)
at com.saucedemo.tests.LoginTest.testLogin(LoginTest.java:41)
at java.base/jdk.internal.reflect.NativeMethodAccessorImpl.invoke0(Native Method)
at java.base/jdk.internal.reflect.NativeMethodAccessorImpl.invoke(NativeMethodAccessorImpl.java:77)
at java.base/jdk.internal.reflect.DelegatingMethodAccessorImpl.invoke(DelegatingMethodAccessorImpl.java:43)
at java.base/java.lang.reflect.Method.invoke(Method.java:568)
at org.testng.internal.invokers.MethodInvocationHelper.invokeMethod(MethodInvocationHelper.java:141)
at org.testng.internal.invokers.TestInvoker.invokeMethod(TestInvoker.java:687)
at org.testng.internal.invokers.TestInvoker.invokeTestMethod(TestInvoker.java:230)
at org.testng.internal.invokers.MethodRunner.runInSequence(MethodRunner.java:63)
at org.testng.internal.invokers.TestInvoker$MethodInvocationAgent.invoke(TestInvoker.java:995)
at org.testng.internal.invokers.TestInvoker.invokeTestMethods(TestInvoker.java:203)
at org.testng.internal.invokers.TestMethodWorker.invokeTestMethods(TestMethodWorker.java:154)
at org.testng.internal.invokers.TestMethodWorker.run(TestMethodWorker.java:134)
at java.base/java.util.ArrayList.forEach(ArrayList.java:1511)
at org.testng.TestRunner.privateRun(TestRunner.java:741)
at org.testng.TestRunner.run(TestRunner.java:616)
at org.testng.SuiteRunner.runTest(SuiteRunner.java:421)
at org.testng.SuiteRunner$SuiteWorker.run(SuiteRunner.java:463)
at org.testng.internal.thread.ThreadUtil.lambda$execute$0(ThreadUtil.java:64)
at java.base/java.util.concurrent.FutureTask.run(FutureTask.java:264)
at java.base/java.util.concurrent.ThreadPoolExecutor.runWorker(ThreadPoolExecutor.java:1136)
at java.base/java.util.concurrent.ThreadPoolExecutor$Worker.run(ThreadPoolExecutor.java:635)
at java.base/java.lang.Thread.run(Thread.java:842)
]]>
            </full-stacktrace>
          </exception> <!-- java.lang.AssertionError -->
          <reporter-output>
          </reporter-output>
        </test-method> <!-- testLogin -->
        <test-method is-config="true" signature="tearDown()[pri:0, instance:com.saucedemo.tests.LoginTest@76b0ae1b]" started-at="2026-05-14T11:32:46 IST" name="tearDown" finished-at="2026-05-14T11:32:47 IST" duration-ms="499" status="PASS">
          <reporter-output>
          </reporter-output>
        </test-method> <!-- tearDown -->
        <test-method is-config="true" signature="setUp()[pri:0, instance:com.saucedemo.tests.LoginTest@76b0ae1b]" started-at="2026-05-14T11:32:47 IST" name="setUp" finished-at="2026-05-14T11:32:48 IST" duration-ms="1604" status="PASS">
          <reporter-output>
          </reporter-output>
        </test-method> <!-- setUp -->
        <test-method signature="testLogin(java.lang.String,java.lang.String)[pri:0, instance:com.saucedemo.tests.LoginTest@76b0ae1b]" started-at="2026-05-14T11:32:48 IST" name="testLogin" data-provider="loginData" finished-at="2026-05-14T11:32:50 IST" duration-ms="1194" status="PASS">
          <params>
            <param index="0">
              <value>
                <![CDATA[locked_out_user]]>
              </value>
            </param>
            <param index="1">
              <value>
                <![CDATA[secret_sauce]]>
              </value>
            </param>
          </params>
          <reporter-output>
          </reporter-output>
        </test-method> <!-- testLogin -->
        <test-method is-config="true" signature="tearDown()[pri:0, instance:com.saucedemo.tests.LoginTest@76b0ae1b]" started-at="2026-05-14T11:32:50 IST" name="tearDown" finished-at="2026-05-14T11:32:50 IST" duration-ms="369" status="PASS">
          <reporter-output>
          </reporter-output>
        </test-method> <!-- tearDown -->
        <test-method is-config="true" signature="setUp()[pri:0, instance:com.saucedemo.tests.LoginTest@76b0ae1b]" started-at="2026-05-14T11:32:50 IST" name="setUp" finished-at="2026-05-14T11:32:52 IST" duration-ms="2144" status="PASS">
          <reporter-output>
          </reporter-output>
        </test-method> <!-- setUp -->
        <test-method signature="testLogin(java.lang.String,java.lang.String)[pri:0, instance:com.saucedemo.tests.LoginTest@76b0ae1b]" started-at="2026-05-14T11:32:52 IST" name="testLogin" data-provider="loginData" finished-at="2026-05-14T11:32:53 IST" duration-ms="721" status="PASS">
          <params>
            <param index="0">
              <value>
                <![CDATA[problem_user]]>
              </value>
            </param>
            <param index="1">
              <value>
                <![CDATA[secret_sauce]]>
              </value>
            </param>
          </params>
          <reporter-output>
          </reporter-output>
        </test-method> <!-- testLogin -->
        <test-method is-config="true" signature="tearDown()[pri:0, instance:com.saucedemo.tests.LoginTest@76b0ae1b]" started-at="2026-05-14T11:32:53 IST" name="tearDown" finished-at="2026-05-14T11:32:53 IST" duration-ms="406" status="PASS">
          <reporter-output>
          </reporter-output>
        </test-method> <!-- tearDown -->
        <test-method is-config="true" signature="setUp()[pri:0, instance:com.saucedemo.tests.LoginTest@76b0ae1b]" started-at="2026-05-14T11:32:53 IST" name="setUp" finished-at="2026-05-14T11:32:55 IST" duration-ms="2074" status="PASS">
          <reporter-output>
          </reporter-output>
        </test-method> <!-- setUp -->
        <test-method signature="testLogin(java.lang.String,java.lang.String)[pri:0, instance:com.saucedemo.tests.LoginTest@76b0ae1b]" started-at="2026-05-14T11:32:55 IST" name="testLogin" data-provider="loginData" finished-at="2026-05-14T11:33:02 IST" duration-ms="6518" status="PASS">
          <params>
            <param index="0">
              <value>
                <![CDATA[performance_glitch_user]]>
              </value>
            </param>
            <param index="1">
              <value>
                <![CDATA[secret_sauce]]>
              </value>
            </param>
          </params>
          <reporter-output>
          </reporter-output>
        </test-method> <!-- testLogin -->
        <test-method is-config="true" signature="tearDown()[pri:0, instance:com.saucedemo.tests.LoginTest@76b0ae1b]" started-at="2026-05-14T11:33:02 IST" name="tearDown" finished-at="2026-05-14T11:33:02 IST" duration-ms="302" status="PASS">
          <reporter-output>
          </reporter-output>
        </test-method> <!-- tearDown -->
        <test-method is-config="true" signature="setUp()[pri:0, instance:com.saucedemo.tests.LoginTest@76b0ae1b]" started-at="2026-05-14T11:33:02 IST" name="setUp" finished-at="2026-05-14T11:33:05 IST" duration-ms="2705" status="PASS">
          <reporter-output>
          </reporter-output>
        </test-method> <!-- setUp -->
        <test-method signature="testLogin(java.lang.String,java.lang.String)[pri:0, instance:com.saucedemo.tests.LoginTest@76b0ae1b]" started-at="2026-05-14T11:33:05 IST" name="testLogin" data-provider="loginData" finished-at="2026-05-14T11:33:06 IST" duration-ms="1049" status="PASS">
          <params>
            <param index="0">
              <value>
                <![CDATA[error_user]]>
              </value>
            </param>
            <param index="1">
              <value>
                <![CDATA[secret_sauce]]>
              </value>
            </param>
          </params>
          <reporter-output>
          </reporter-output>
        </test-method> <!-- testLogin -->
        <test-method is-config="true" signature="tearDown()[pri:0, instance:com.saucedemo.tests.LoginTest@76b0ae1b]" started-at="2026-05-14T11:33:06 IST" name="tearDown" finished-at="2026-05-14T11:33:07 IST" duration-ms="527" status="PASS">
          <reporter-output>
          </reporter-output>
        </test-method> <!-- tearDown -->
        <test-method is-config="true" signature="setUp()[pri:0, instance:com.saucedemo.tests.LoginTest@76b0ae1b]" started-at="2026-05-14T11:33:07 IST" name="setUp" finished-at="2026-05-14T11:33:09 IST" duration-ms="2723" status="PASS">
          <reporter-output>
          </reporter-output>
        </test-method> <!-- setUp -->
        <test-method signature="testLogin(java.lang.String,java.lang.String)[pri:0, instance:com.saucedemo.tests.LoginTest@76b0ae1b]" started-at="2026-05-14T11:33:09 IST" name="testLogin" data-provider="loginData" finished-at="2026-05-14T11:33:10 IST" duration-ms="971" status="PASS">
          <params>
            <param index="0">
              <value>
                <![CDATA[visual_user]]>
              </value>
            </param>
            <param index="1">
              <value>
                <![CDATA[secret_sauce]]>
              </value>
            </param>
          </params>
          <reporter-output>
          </reporter-output>
        </test-method> <!-- testLogin -->
        <test-method is-config="true" signature="tearDown()[pri:0, instance:com.saucedemo.tests.LoginTest@76b0ae1b]" started-at="2026-05-14T11:33:10 IST" name="tearDown" finished-at="2026-05-14T11:33:11 IST" duration-ms="513" status="PASS">
          <reporter-output>
          </reporter-output>
        </test-method> <!-- tearDown -->
      </class> <!-- com.saucedemo.tests.LoginTest -->
    </test> <!-- EdgeTest -->
  </suite> <!-- Cross Browser Parallel Suite -->
</testng-results>
