<?xml version="1.0" encoding="UTF-8"?>
<testng-results ignored="0" total="18" passed="18" failed="0" skipped="0">
  <reporter-output>
  </reporter-output>
  <suite started-at="2026-05-14T12:36:57 IST" name="Cross Browser Parallel Suite" finished-at="2026-05-14T12:37:32 IST" duration-ms="35005">
    <groups>
    </groups>
    <test started-at="2026-05-14T12:36:57 IST" name="ChromeTest" finished-at="2026-05-14T12:37:32 IST" duration-ms="34658">
      <class name="com.saucedemo.tests.LoginTest">
        <test-method is-config="true" signature="setUp()[pri:0, instance:com.saucedemo.tests.LoginTest@7b02e036]" started-at="2026-05-14T12:36:58 IST" name="setUp" finished-at="2026-05-14T12:37:05 IST" duration-ms="7116" status="PASS">
          <reporter-output>
          </reporter-output>
        </test-method> <!-- setUp -->
        <test-method signature="testLogin(java.lang.String,java.lang.String)[pri:0, instance:com.saucedemo.tests.LoginTest@7b02e036]" started-at="2026-05-14T12:37:05 IST" name="testLogin" data-provider="loginData" finished-at="2026-05-14T12:37:06 IST" duration-ms="1034" status="PASS">
          <params>
            <param index="0">
              <value>
                <![CDATA[standard_user]]>
              </value>
            </param>
            <param index="1">
              <value>
                <![CDATA[secret_sauce]]>
              </value>
            </param>
          </params>
          <reporter-output>
          </reporter-output>
        </test-method> <!-- testLogin -->
        <test-method is-config="true" signature="tearDown()[pri:0, instance:com.saucedemo.tests.LoginTest@7b02e036]" started-at="2026-05-14T12:37:06 IST" name="tearDown" finished-at="2026-05-14T12:37:07 IST" duration-ms="441" status="PASS">
          <reporter-output>
          </reporter-output>
        </test-method> <!-- tearDown -->
        <test-method is-config="true" signature="setUp()[pri:0, instance:com.saucedemo.tests.LoginTest@7b02e036]" started-at="2026-05-14T12:37:07 IST" name="setUp" finished-at="2026-05-14T12:37:09 IST" duration-ms="2465" status="PASS">
          <reporter-output>
          </reporter-output>
        </test-method> <!-- setUp -->
        <test-method signature="testLogin(java.lang.String,java.lang.String)[pri:0, instance:com.saucedemo.tests.LoginTest@7b02e036]" started-at="2026-05-14T12:37:09 IST" name="testLogin" data-provider="loginData" finished-at="2026-05-14T12:37:10 IST" duration-ms="843" status="PASS">
          <params>
            <param index="0">
              <value>
                <![CDATA[locked_out_user]]>
              </value>
            </param>
            <param index="1">
              <value>
                <![CDATA[secret_sauce]]>
              </value>
            </param>
          </params>
          <reporter-output>
          </reporter-output>
        </test-method> <!-- testLogin -->
        <test-method is-config="true" signature="tearDown()[pri:0, instance:com.saucedemo.tests.LoginTest@7b02e036]" started-at="2026-05-14T12:37:10 IST" name="tearDown" finished-at="2026-05-14T12:37:11 IST" duration-ms="444" status="PASS">
          <reporter-output>
          </reporter-output>
        </test-method> <!-- tearDown -->
        <test-method is-config="true" signature="setUp()[pri:0, instance:com.saucedemo.tests.LoginTest@7b02e036]" started-at="2026-05-14T12:37:11 IST" name="setUp" finished-at="2026-05-14T12:37:13 IST" duration-ms="2646" status="PASS">
          <reporter-output>
          </reporter-output>
        </test-method> <!-- setUp -->
        <test-method signature="testLogin(java.lang.String,java.lang.String)[pri:0, instance:com.saucedemo.tests.LoginTest@7b02e036]" started-at="2026-05-14T12:37:13 IST" name="testLogin" data-provider="loginData" finished-at="2026-05-14T12:37:15 IST" duration-ms="1341" status="PASS">
          <params>
            <param index="0">
              <value>
                <![CDATA[problem_user]]>
              </value>
            </param>
            <param index="1">
              <value>
                <![CDATA[secret_sauce]]>
              </value>
            </param>
          </params>
          <reporter-output>
          </reporter-output>
        </test-method> <!-- testLogin -->
        <test-method is-config="true" signature="tearDown()[pri:0, instance:com.saucedemo.tests.LoginTest@7b02e036]" started-at="2026-05-14T12:37:15 IST" name="tearDown" finished-at="2026-05-14T12:37:15 IST" duration-ms="629" status="PASS">
          <reporter-output>
          </reporter-output>
        </test-method> <!-- tearDown -->
        <test-method is-config="true" signature="setUp()[pri:0, instance:com.saucedemo.tests.LoginTest@7b02e036]" started-at="2026-05-14T12:37:15 IST" name="setUp" finished-at="2026-05-14T12:37:18 IST" duration-ms="2818" status="PASS">
          <reporter-output>
          </reporter-output>
        </test-method> <!-- setUp -->
        <test-method signature="testLogin(java.lang.String,java.lang.String)[pri:0, instance:com.saucedemo.tests.LoginTest@7b02e036]" started-at="2026-05-14T12:37:18 IST" name="testLogin" data-provider="loginData" finished-at="2026-05-14T12:37:24 IST" duration-ms="5906" status="PASS">
          <params>
            <param index="0">
              <value>
                <![CDATA[performance_glitch_user]]>
              </value>
            </param>
            <param index="1">
              <value>
                <![CDATA[secret_sauce]]>
              </value>
            </param>
          </params>
          <reporter-output>
          </reporter-output>
        </test-method> <!-- testLogin -->
        <test-method is-config="true" signature="tearDown()[pri:0, instance:com.saucedemo.tests.LoginTest@7b02e036]" started-at="2026-05-14T12:37:24 IST" name="tearDown" finished-at="2026-05-14T12:37:24 IST" duration-ms="367" status="PASS">
          <reporter-output>
          </reporter-output>
        </test-method> <!-- tearDown -->
        <test-method is-config="true" signature="setUp()[pri:0, instance:com.saucedemo.tests.LoginTest@7b02e036]" started-at="2026-05-14T12:37:24 IST" name="setUp" finished-at="2026-05-14T12:37:27 IST" duration-ms="2510" status="PASS">
          <reporter-output>
          </reporter-output>
        </test-method> <!-- setUp -->
        <test-method signature="testLogin(java.lang.String,java.lang.String)[pri:0, instance:com.saucedemo.tests.LoginTest@7b02e036]" started-at="2026-05-14T12:37:27 IST" name="testLogin" data-provider="loginData" finished-at="2026-05-14T12:37:28 IST" duration-ms="986" status="PASS">
          <params>
            <param index="0">
              <value>
                <![CDATA[error_user]]>
              </value>
            </param>
            <param index="1">
              <value>
                <![CDATA[secret_sauce]]>
              </value>
            </param>
          </params>
          <reporter-output>
          </reporter-output>
        </test-method> <!-- testLogin -->
        <test-method is-config="true" signature="tearDown()[pri:0, instance:com.saucedemo.tests.LoginTest@7b02e036]" started-at="2026-05-14T12:37:28 IST" name="tearDown" finished-at="2026-05-14T12:37:28 IST" duration-ms="355" status="PASS">
          <reporter-output>
          </reporter-output>
        </test-method> <!-- tearDown -->
        <test-method is-config="true" signature="setUp()[pri:0, instance:com.saucedemo.tests.LoginTest@7b02e036]" started-at="2026-05-14T12:37:28 IST" name="setUp" finished-at="2026-05-14T12:37:31 IST" duration-ms="2430" status="PASS">
          <reporter-output>
          </reporter-output>
        </test-method> <!-- setUp -->
        <test-method signature="testLogin(java.lang.String,java.lang.String)[pri:0, instance:com.saucedemo.tests.LoginTest@7b02e036]" started-at="2026-05-14T12:37:31 IST" name="testLogin" data-provider="loginData" finished-at="2026-05-14T12:37:32 IST" duration-ms="869" status="PASS">
          <params>
            <param index="0">
              <value>
                <![CDATA[visual_user]]>
              </value>
            </param>
            <param index="1">
              <value>
                <![CDATA[secret_sauce]]>
              </value>
            </param>
          </params>
          <reporter-output>
          </reporter-output>
        </test-method> <!-- testLogin -->
        <test-method is-config="true" signature="tearDown()[pri:0, instance:com.saucedemo.tests.LoginTest@7b02e036]" started-at="2026-05-14T12:37:32 IST" name="tearDown" finished-at="2026-05-14T12:37:32 IST" duration-ms="506" status="PASS">
          <reporter-output>
          </reporter-output>
        </test-method> <!-- tearDown -->
      </class> <!-- com.saucedemo.tests.LoginTest -->
    </test> <!-- ChromeTest -->
    <test started-at="2026-05-14T12:36:57 IST" name="FirefoxTest" finished-at="2026-05-14T12:37:32 IST" duration-ms="34623">
      <class name="com.saucedemo.tests.LoginTest">
        <test-method is-config="true" signature="setUp()[pri:0, instance:com.saucedemo.tests.LoginTest@1e8823d2]" started-at="2026-05-14T12:36:58 IST" name="setUp" finished-at="2026-05-14T12:37:05 IST" duration-ms="6525" status="PASS">
          <reporter-output>
          </reporter-output>
        </test-method> <!-- setUp -->
        <test-method signature="testLogin(java.lang.String,java.lang.String)[pri:0, instance:com.saucedemo.tests.LoginTest@1e8823d2]" started-at="2026-05-14T12:37:05 IST" name="testLogin" data-provider="loginData" finished-at="2026-05-14T12:37:06 IST" duration-ms="1437" status="PASS">
          <params>
            <param index="0">
              <value>
                <![CDATA[standard_user]]>
              </value>
            </param>
            <param index="1">
              <value>
                <![CDATA[secret_sauce]]>
              </value>
            </param>
          </params>
          <reporter-output>
          </reporter-output>
        </test-method> <!-- testLogin -->
        <test-method is-config="true" signature="tearDown()[pri:0, instance:com.saucedemo.tests.LoginTest@1e8823d2]" started-at="2026-05-14T12:37:06 IST" name="tearDown" finished-at="2026-05-14T12:37:07 IST" duration-ms="457" status="PASS">
          <reporter-output>
          </reporter-output>
        </test-method> <!-- tearDown -->
        <test-method is-config="true" signature="setUp()[pri:0, instance:com.saucedemo.tests.LoginTest@1e8823d2]" started-at="2026-05-14T12:37:07 IST" name="setUp" finished-at="2026-05-14T12:37:09 IST" duration-ms="1909" status="PASS">
          <reporter-output>
          </reporter-output>
        </test-method> <!-- setUp -->
        <test-method signature="testLogin(java.lang.String,java.lang.String)[pri:0, instance:com.saucedemo.tests.LoginTest@1e8823d2]" started-at="2026-05-14T12:37:09 IST" name="testLogin" data-provider="loginData" finished-at="2026-05-14T12:37:10 IST" duration-ms="1483" status="PASS">
          <params>
            <param index="0">
              <value>
                <![CDATA[locked_out_user]]>
              </value>
            </param>
            <param index="1">
              <value>
                <![CDATA[secret_sauce]]>
              </value>
            </param>
          </params>
          <reporter-output>
          </reporter-output>
        </test-method> <!-- testLogin -->
        <test-method is-config="true" signature="tearDown()[pri:0, instance:com.saucedemo.tests.LoginTest@1e8823d2]" started-at="2026-05-14T12:37:10 IST" name="tearDown" finished-at="2026-05-14T12:37:11 IST" duration-ms="377" status="PASS">
          <reporter-output>
          </reporter-output>
        </test-method> <!-- tearDown -->
        <test-method is-config="true" signature="setUp()[pri:0, instance:com.saucedemo.tests.LoginTest@1e8823d2]" started-at="2026-05-14T12:37:11 IST" name="setUp" finished-at="2026-05-14T12:37:13 IST" duration-ms="2645" status="PASS">
          <reporter-output>
          </reporter-output>
        </test-method> <!-- setUp -->
        <test-method signature="testLogin(java.lang.String,java.lang.String)[pri:0, instance:com.saucedemo.tests.LoginTest@1e8823d2]" started-at="2026-05-14T12:37:13 IST" name="testLogin" data-provider="loginData" finished-at="2026-05-14T12:37:14 IST" duration-ms="1108" status="PASS">
          <params>
            <param index="0">
              <value>
                <![CDATA[problem_user]]>
              </value>
            </param>
            <param index="1">
              <value>
                <![CDATA[secret_sauce]]>
              </value>
            </param>
          </params>
          <reporter-output>
          </reporter-output>
        </test-method> <!-- testLogin -->
        <test-method is-config="true" signature="tearDown()[pri:0, instance:com.saucedemo.tests.LoginTest@1e8823d2]" started-at="2026-05-14T12:37:14 IST" name="tearDown" finished-at="2026-05-14T12:37:15 IST" duration-ms="673" status="PASS">
          <reporter-output>
          </reporter-output>
        </test-method> <!-- tearDown -->
        <test-method is-config="true" signature="setUp()[pri:0, instance:com.saucedemo.tests.LoginTest@1e8823d2]" started-at="2026-05-14T12:37:15 IST" name="setUp" finished-at="2026-05-14T12:37:18 IST" duration-ms="2756" status="PASS">
          <reporter-output>
          </reporter-output>
        </test-method> <!-- setUp -->
        <test-method signature="testLogin(java.lang.String,java.lang.String)[pri:0, instance:com.saucedemo.tests.LoginTest@1e8823d2]" started-at="2026-05-14T12:37:18 IST" name="testLogin" data-provider="loginData" finished-at="2026-05-14T12:37:24 IST" duration-ms="5947" status="PASS">
          <params>
            <param index="0">
              <value>
                <![CDATA[performance_glitch_user]]>
              </value>
            </param>
            <param index="1">
              <value>
                <![CDATA[secret_sauce]]>
              </value>
            </param>
          </params>
          <reporter-output>
          </reporter-output>
        </test-method> <!-- testLogin -->
        <test-method is-config="true" signature="tearDown()[pri:0, instance:com.saucedemo.tests.LoginTest@1e8823d2]" started-at="2026-05-14T12:37:24 IST" name="tearDown" finished-at="2026-05-14T12:37:24 IST" duration-ms="307" status="PASS">
          <reporter-output>
          </reporter-output>
        </test-method> <!-- tearDown -->
        <test-method is-config="true" signature="setUp()[pri:0, instance:com.saucedemo.tests.LoginTest@1e8823d2]" started-at="2026-05-14T12:37:24 IST" name="setUp" finished-at="2026-05-14T12:37:27 IST" duration-ms="2637" status="PASS">
          <reporter-output>
          </reporter-output>
        </test-method> <!-- setUp -->
        <test-method signature="testLogin(java.lang.String,java.lang.String)[pri:0, instance:com.saucedemo.tests.LoginTest@1e8823d2]" started-at="2026-05-14T12:37:27 IST" name="testLogin" data-provider="loginData" finished-at="2026-05-14T12:37:28 IST" duration-ms="976" status="PASS">
          <params>
            <param index="0">
              <value>
                <![CDATA[error_user]]>
              </value>
            </param>
            <param index="1">
              <value>
                <![CDATA[secret_sauce]]>
              </value>
            </param>
          </params>
          <reporter-output>
          </reporter-output>
        </test-method> <!-- testLogin -->
        <test-method is-config="true" signature="tearDown()[pri:0, instance:com.saucedemo.tests.LoginTest@1e8823d2]" started-at="2026-05-14T12:37:28 IST" name="tearDown" finished-at="2026-05-14T12:37:28 IST" duration-ms="413" status="PASS">
          <reporter-output>
          </reporter-output>
        </test-method> <!-- tearDown -->
        <test-method is-config="true" signature="setUp()[pri:0, instance:com.saucedemo.tests.LoginTest@1e8823d2]" started-at="2026-05-14T12:37:28 IST" name="setUp" finished-at="2026-05-14T12:37:30 IST" duration-ms="1955" status="PASS">
          <reporter-output>
          </reporter-output>
        </test-method> <!-- setUp -->
        <test-method signature="testLogin(java.lang.String,java.lang.String)[pri:0, instance:com.saucedemo.tests.LoginTest@1e8823d2]" started-at="2026-05-14T12:37:30 IST" name="testLogin" data-provider="loginData" finished-at="2026-05-14T12:37:32 IST" duration-ms="1434" status="PASS">
          <params>
            <param index="0">
              <value>
                <![CDATA[visual_user]]>
              </value>
            </param>
            <param index="1">
              <value>
                <![CDATA[secret_sauce]]>
              </value>
            </param>
          </params>
          <reporter-output>
          </reporter-output>
        </test-method> <!-- testLogin -->
        <test-method is-config="true" signature="tearDown()[pri:0, instance:com.saucedemo.tests.LoginTest@1e8823d2]" started-at="2026-05-14T12:37:32 IST" name="tearDown" finished-at="2026-05-14T12:37:32 IST" duration-ms="468" status="PASS">
          <reporter-output>
          </reporter-output>
        </test-method> <!-- tearDown -->
      </class> <!-- com.saucedemo.tests.LoginTest -->
    </test> <!-- FirefoxTest -->
    <test started-at="2026-05-14T12:36:57 IST" name="EdgeTest" finished-at="2026-05-14T12:37:32 IST" duration-ms="35005">
      <class name="com.saucedemo.tests.LoginTest">
        <test-method is-config="true" signature="setUp()[pri:0, instance:com.saucedemo.tests.LoginTest@76b0ae1b]" started-at="2026-05-14T12:36:58 IST" name="setUp" finished-at="2026-05-14T12:37:05 IST" duration-ms="7086" status="PASS">
          <reporter-output>
          </reporter-output>
        </test-method> <!-- setUp -->
        <test-method signature="testLogin(java.lang.String,java.lang.String)[pri:0, instance:com.saucedemo.tests.LoginTest@76b0ae1b]" started-at="2026-05-14T12:37:05 IST" name="testLogin" data-provider="loginData" finished-at="2026-05-14T12:37:06 IST" duration-ms="970" status="PASS">
          <params>
            <param index="0">
              <value>
                <![CDATA[standard_user]]>
              </value>
            </param>
            <param index="1">
              <value>
                <![CDATA[secret_sauce]]>
              </value>
            </param>
          </params>
          <reporter-output>
          </reporter-output>
        </test-method> <!-- testLogin -->
        <test-method is-config="true" signature="tearDown()[pri:0, instance:com.saucedemo.tests.LoginTest@76b0ae1b]" started-at="2026-05-14T12:37:06 IST" name="tearDown" finished-at="2026-05-14T12:37:07 IST" duration-ms="515" status="PASS">
          <reporter-output>
          </reporter-output>
        </test-method> <!-- tearDown -->
        <test-method is-config="true" signature="setUp()[pri:0, instance:com.saucedemo.tests.LoginTest@76b0ae1b]" started-at="2026-05-14T12:37:07 IST" name="setUp" finished-at="2026-05-14T12:37:09 IST" duration-ms="2446" status="PASS">
          <reporter-output>
          </reporter-output>
        </test-method> <!-- setUp -->
        <test-method signature="testLogin(java.lang.String,java.lang.String)[pri:0, instance:com.saucedemo.tests.LoginTest@76b0ae1b]" started-at="2026-05-14T12:37:09 IST" name="testLogin" data-provider="loginData" finished-at="2026-05-14T12:37:10 IST" duration-ms="903" status="PASS">
          <params>
            <param index="0">
              <value>
                <![CDATA[locked_out_user]]>
              </value>
            </param>
            <param index="1">
              <value>
                <![CDATA[secret_sauce]]>
              </value>
            </param>
          </params>
          <reporter-output>
          </reporter-output>
        </test-method> <!-- testLogin -->
        <test-method is-config="true" signature="tearDown()[pri:0, instance:com.saucedemo.tests.LoginTest@76b0ae1b]" started-at="2026-05-14T12:37:10 IST" name="tearDown" finished-at="2026-05-14T12:37:11 IST" duration-ms="390" status="PASS">
          <reporter-output>
          </reporter-output>
        </test-method> <!-- tearDown -->
        <test-method is-config="true" signature="setUp()[pri:0, instance:com.saucedemo.tests.LoginTest@76b0ae1b]" started-at="2026-05-14T12:37:11 IST" name="setUp" finished-at="2026-05-14T12:37:13 IST" duration-ms="2495" status="PASS">
          <reporter-output>
          </reporter-output>
        </test-method> <!-- setUp -->
        <test-method signature="testLogin(java.lang.String,java.lang.String)[pri:0, instance:com.saucedemo.tests.LoginTest@76b0ae1b]" started-at="2026-05-14T12:37:13 IST" name="testLogin" data-provider="loginData" finished-at="2026-05-14T12:37:14 IST" duration-ms="1142" status="PASS">
          <params>
            <param index="0">
              <value>
                <![CDATA[problem_user]]>
              </value>
            </param>
            <param index="1">
              <value>
                <![CDATA[secret_sauce]]>
              </value>
            </param>
          </params>
          <reporter-output>
          </reporter-output>
        </test-method> <!-- testLogin -->
        <test-method is-config="true" signature="tearDown()[pri:0, instance:com.saucedemo.tests.LoginTest@76b0ae1b]" started-at="2026-05-14T12:37:14 IST" name="tearDown" finished-at="2026-05-14T12:37:15 IST" duration-ms="795" status="PASS">
          <reporter-output>
          </reporter-output>
        </test-method> <!-- tearDown -->
        <test-method is-config="true" signature="setUp()[pri:0, instance:com.saucedemo.tests.LoginTest@76b0ae1b]" started-at="2026-05-14T12:37:15 IST" name="setUp" finished-at="2026-05-14T12:37:18 IST" duration-ms="2938" status="PASS">
          <reporter-output>
          </reporter-output>
        </test-method> <!-- setUp -->
        <test-method signature="testLogin(java.lang.String,java.lang.String)[pri:0, instance:com.saucedemo.tests.LoginTest@76b0ae1b]" started-at="2026-05-14T12:37:18 IST" name="testLogin" data-provider="loginData" finished-at="2026-05-14T12:37:24 IST" duration-ms="5996" status="PASS">
          <params>
            <param index="0">
              <value>
                <![CDATA[performance_glitch_user]]>
              </value>
            </param>
            <param index="1">
              <value>
                <![CDATA[secret_sauce]]>
              </value>
            </param>
          </params>
          <reporter-output>
          </reporter-output>
        </test-method> <!-- testLogin -->
        <test-method is-config="true" signature="tearDown()[pri:0, instance:com.saucedemo.tests.LoginTest@76b0ae1b]" started-at="2026-05-14T12:37:24 IST" name="tearDown" finished-at="2026-05-14T12:37:24 IST" duration-ms="323" status="PASS">
          <reporter-output>
          </reporter-output>
        </test-method> <!-- tearDown -->
        <test-method is-config="true" signature="setUp()[pri:0, instance:com.saucedemo.tests.LoginTest@76b0ae1b]" started-at="2026-05-14T12:37:24 IST" name="setUp" finished-at="2026-05-14T12:37:27 IST" duration-ms="2651" status="PASS">
          <reporter-output>
          </reporter-output>
        </test-method> <!-- setUp -->
        <test-method signature="testLogin(java.lang.String,java.lang.String)[pri:0, instance:com.saucedemo.tests.LoginTest@76b0ae1b]" started-at="2026-05-14T12:37:27 IST" name="testLogin" data-provider="loginData" finished-at="2026-05-14T12:37:28 IST" duration-ms="1021" status="PASS">
          <params>
            <param index="0">
              <value>
                <![CDATA[error_user]]>
              </value>
            </param>
            <param index="1">
              <value>
                <![CDATA[secret_sauce]]>
              </value>
            </param>
          </params>
          <reporter-output>
          </reporter-output>
        </test-method> <!-- testLogin -->
        <test-method is-config="true" signature="tearDown()[pri:0, instance:com.saucedemo.tests.LoginTest@76b0ae1b]" started-at="2026-05-14T12:37:28 IST" name="tearDown" finished-at="2026-05-14T12:37:28 IST" duration-ms="329" status="PASS">
          <reporter-output>
          </reporter-output>
        </test-method> <!-- tearDown -->
        <test-method is-config="true" signature="setUp()[pri:0, instance:com.saucedemo.tests.LoginTest@76b0ae1b]" started-at="2026-05-14T12:37:28 IST" name="setUp" finished-at="2026-05-14T12:37:31 IST" duration-ms="2811" status="PASS">
          <reporter-output>
          </reporter-output>
        </test-method> <!-- setUp -->
        <test-method signature="testLogin(java.lang.String,java.lang.String)[pri:0, instance:com.saucedemo.tests.LoginTest@76b0ae1b]" started-at="2026-05-14T12:37:31 IST" name="testLogin" data-provider="loginData" finished-at="2026-05-14T12:37:32 IST" duration-ms="938" status="PASS">
          <params>
            <param index="0">
              <value>
                <![CDATA[visual_user]]>
              </value>
            </param>
            <param index="1">
              <value>
                <![CDATA[secret_sauce]]>
              </value>
            </param>
          </params>
          <reporter-output>
          </reporter-output>
        </test-method> <!-- testLogin -->
        <test-method is-config="true" signature="tearDown()[pri:0, instance:com.saucedemo.tests.LoginTest@76b0ae1b]" started-at="2026-05-14T12:37:32 IST" name="tearDown" finished-at="2026-05-14T12:37:32 IST" duration-ms="277" status="PASS">
          <reporter-output>
          </reporter-output>
        </test-method> <!-- tearDown -->
      </class> <!-- com.saucedemo.tests.LoginTest -->
    </test> <!-- EdgeTest -->
  </suite> <!-- Cross Browser Parallel Suite -->
</testng-results>
