<?xml version="1.0" encoding="UTF-8"?>
<!-- Generated by org.testng.reporters.JUnitReportReporter -->
<testsuite hostname="Raj" failures="0" tests="18" name="com.saucedemo.tests.LoginTest" time="55.985" errors="0" timestamp="2026-05-14T15:49:55 GMT+05:30" skipped="0">
  <testcase classname="com.saucedemo.tests.LoginTest" name="testLogin" time="2.045"/>
  <testcase classname="com.saucedemo.tests.LoginTest" name="testLogin" time="2.335"/>
  <testcase classname="com.saucedemo.tests.LoginTest" name="testLogin" time="2.122"/>
  <testcase classname="com.saucedemo.tests.LoginTest" name="testLogin" time="6.788"/>
  <testcase classname="com.saucedemo.tests.LoginTest" name="testLogin" time="1.755"/>
  <testcase classname="com.saucedemo.tests.LoginTest" name="testLogin" time="7.541"/>
  <testcase classname="com.saucedemo.tests.LoginTest" name="testLogin" time="2.185"/>
  <testcase classname="com.saucedemo.tests.LoginTest" name="testLogin" time="2.916"/>
  <testcase classname="com.saucedemo.tests.LoginTest" name="testLogin" time="2.172"/>
  <testcase classname="com.saucedemo.tests.LoginTest" name="testLogin" time="1.733"/>
  <testcase classname="com.saucedemo.tests.LoginTest" name="testLogin" time="2.381"/>
  <testcase classname="com.saucedemo.tests.LoginTest" name="testLogin" time="2.205"/>
  <testcase classname="com.saucedemo.tests.LoginTest" name="testLogin" time="3.183"/>
  <testcase classname="com.saucedemo.tests.LoginTest" name="testLogin" time="3.266"/>
  <testcase classname="com.saucedemo.tests.LoginTest" name="testLogin" time="7.077"/>
  <testcase classname="com.saucedemo.tests.LoginTest" name="testLogin" time="2.032"/>
  <testcase classname="com.saucedemo.tests.LoginTest" name="testLogin" time="2.190"/>
  <testcase classname="com.saucedemo.tests.LoginTest" name="testLogin" time="2.059"/>
</testsuite> <!-- com.saucedemo.tests.LoginTest -->
