<?xml version="1.0" encoding="UTF-8"?>
<!-- Generated by org.testng.reporters.JUnitReportReporter -->
<testsuite hostname="Raj" failures="0" tests="18" name="com.saucedemo.tests.LoginTest" time="101.239" errors="0" timestamp="2026-05-14T12:37:33 IST" skipped="0">
  <testcase classname="com.saucedemo.tests.LoginTest" name="testLogin" time="3.806"/>
  <testcase classname="com.saucedemo.tests.LoginTest" name="testLogin" time="3.675"/>
  <testcase classname="com.saucedemo.tests.LoginTest" name="testLogin" time="4.199"/>
  <testcase classname="com.saucedemo.tests.LoginTest" name="testLogin" time="13.597"/>
  <testcase classname="com.saucedemo.tests.LoginTest" name="testLogin" time="13.651"/>
  <testcase classname="com.saucedemo.tests.LoginTest" name="testLogin" time="4.052"/>
  <testcase classname="com.saucedemo.tests.LoginTest" name="testLogin" time="4.296"/>
  <testcase classname="com.saucedemo.tests.LoginTest" name="testLogin" time="9.005"/>
  <testcase classname="com.saucedemo.tests.LoginTest" name="testLogin" time="8.385"/>
  <testcase classname="com.saucedemo.tests.LoginTest" name="testLogin" time="3.663"/>
  <testcase classname="com.saucedemo.tests.LoginTest" name="testLogin" time="3.849"/>
  <testcase classname="com.saucedemo.tests.LoginTest" name="testLogin" time="3.783"/>
  <testcase classname="com.saucedemo.tests.LoginTest" name="testLogin" time="3.956"/>
  <testcase classname="com.saucedemo.tests.LoginTest" name="testLogin" time="4.748"/>
  <testcase classname="com.saucedemo.tests.LoginTest" name="testLogin" time="4.658"/>
  <testcase classname="com.saucedemo.tests.LoginTest" name="testLogin" time="4.357"/>
  <testcase classname="com.saucedemo.tests.LoginTest" name="testLogin" time="3.558"/>
  <testcase classname="com.saucedemo.tests.LoginTest" name="testLogin" time="4.001"/>
</testsuite> <!-- com.saucedemo.tests.LoginTest -->
